<?xml version="1.0" encoding="UTF-8"?>
<!-- Generated by org.testng.reporters.JUnitReportReporter -->
<testsuite hostname="Jeet-Sunil" failures="0" tests="2" name="testNG.Test1" time="0.009" errors="0" timestamp="2023-05-15T15:49:55 IST" skipped="0">
  <testcase classname="testNG.Test1" name="data1" time="0.008"/>
  <system-out>
    <![CDATA[1]]>
  </system-out>
  <testcase classname="testNG.Test1" name="data2" time="0.001"/>
  <system-out>
    <![CDATA[2]]>
  </system-out>
</testsuite> <!-- testNG.Test1 -->
