<?xml version="1.0" encoding="UTF-8"?>
<!-- Generated by org.testng.reporters.JUnitReportReporter -->
<testsuite hostname="Jeet-Sunil" failures="0" tests="1" name="testNG.Test3" time="0.001" errors="0" timestamp="2023-05-15T15:49:55 IST" skipped="0">
  <testcase classname="testNG.Test3" name="data3" time="0.001"/>
  <system-out>
    <![CDATA[1]]>
  </system-out>
</testsuite> <!-- testNG.Test3 -->
