<?xml version="1.0" encoding="UTF-8"?>
<!-- Generated by org.testng.reporters.JUnitReportReporter -->
<testsuite hostname="Jeet-Sunil" failures="0" tests="1" name="reportingToll.Log12345" time="0.070" errors="0" timestamp="2023-05-27T15:36:51 IST" skipped="0">
  <testcase classname="reportingToll.Log12345" name="test1" time="0.070"/>
  <system-out/>
</testsuite> <!-- reportingToll.Log12345 -->
