<?xml version="1.0" encoding="UTF-8"?>
<!-- Generated by org.testng.reporters.JUnitReportReporter -->
<testsuite hostname="Jeet-Sunil" failures="0" tests="1" name="reportingToll.extendReport" time="0.571" errors="0" timestamp="2023-05-27T15:26:38 IST" skipped="0">
  <testcase classname="reportingToll.extendReport" name="test1" time="0.571"/>
  <system-out/>
</testsuite> <!-- reportingToll.extendReport -->
