<?xml version="1.0" encoding="UTF-8"?>
<!-- Generated by org.testng.reporters.JUnitReportReporter -->
<testsuite hostname="Jeet-Sunil" failures="0" tests="1" name="generic_Script.TakeScreenShot" time="10.200" errors="0" timestamp="2023-05-24T13:46:35 IST" skipped="0">
  <testcase classname="generic_Script.TakeScreenShot" name="getPhoto" time="10.200"/>
  <system-out/>
</testsuite> <!-- generic_Script.TakeScreenShot -->
