<?xml version="1.0" encoding="UTF-8"?>
<!-- Generated by org.testng.reporters.JUnitReportReporter -->
<testsuite hostname="Jeet-Sunil" failures="0" tests="1" name="testSuite.SignIn1" time="24.416" errors="0" timestamp="2023-05-24T16:13:12 IST" skipped="0">
  <testcase classname="testSuite.SignIn1" name="signIn" time="24.416"/>
  <system-out/>
</testsuite> <!-- testSuite.SignIn1 -->
