<?xml version="1.0" encoding="UTF-8"?>
<!-- Generated by org.testng.reporters.JUnitReportReporter -->
<testsuite hostname="Jeet-Sunil" failures="0" tests="1" name="reportingToll.Log4J" time="0.035" errors="0" timestamp="2023-05-27T15:33:40 IST" skipped="0">
  <testcase classname="reportingToll.Log4J" name="test12" time="0.035"/>
  <system-out/>
</testsuite> <!-- reportingToll.Log4J -->
