<?xml version="1.0" encoding="UTF-8"?>
<!-- Generated by org.testng.reporters.JUnitReportReporter -->
<testsuite hostname="Jeet-Sunil" failures="0" tests="1" name="testSuite.TestCase" time="6.709" errors="0" timestamp="2023-05-23T20:06:13 IST" skipped="0">
  <testcase classname="testSuite.TestCase" name="signUp" time="6.709"/>
  <system-out/>
</testsuite> <!-- testSuite.TestCase -->
